\BOOKMARK [0][-]{chapter.1}{\376\377\0001\000\040\000H\000i\000e\000r\000a\000r\000c\000h\000i\000c\000a\000l\000\040\000I\000n\000d\000e\000x}{}% 1
\BOOKMARK [1][-]{section.1.1}{\376\377\0001\000.\0001\000\040\000C\000l\000a\000s\000s\000\040\000H\000i\000e\000r\000a\000r\000c\000h\000y}{chapter.1}% 2
\BOOKMARK [0][-]{chapter.2}{\376\377\0002\000\040\000C\000l\000a\000s\000s\000\040\000I\000n\000d\000e\000x}{}% 3
\BOOKMARK [1][-]{section.2.1}{\376\377\0002\000.\0001\000\040\000C\000l\000a\000s\000s\000\040\000L\000i\000s\000t}{chapter.2}% 4
\BOOKMARK [0][-]{chapter.3}{\376\377\0003\000\040\000C\000l\000a\000s\000s\000\040\000D\000o\000c\000u\000m\000e\000n\000t\000a\000t\000i\000o\000n}{}% 5
\BOOKMARK [1][-]{section.3.1}{\376\377\0003\000.\0001\000\040\000A\000b\000s\000t\000r\000a\000c\000t\000I\000n\000t\000e\000r\000m\000i\000t\000t\000e\000n\000S\000o\000c\000k\000e\000t\000\040\000C\000l\000a\000s\000s\000\040\000R\000e\000f\000e\000r\000e\000n\000c\000e}{chapter.3}% 6
\BOOKMARK [1][-]{section.3.2}{\376\377\0003\000.\0002\000\040\000A\000b\000s\000t\000r\000a\000c\000t\000S\000o\000c\000k\000e\000t\000C\000o\000m\000m\000u\000n\000i\000c\000a\000t\000o\000r\000\040\000C\000l\000a\000s\000s\000\040\000R\000e\000f\000e\000r\000e\000n\000c\000e}{chapter.3}% 7
\BOOKMARK [1][-]{section.3.3}{\376\377\0003\000.\0003\000\040\000A\000r\000d\000u\000i\000n\000o\000\040\000C\000l\000a\000s\000s\000\040\000R\000e\000f\000e\000r\000e\000n\000c\000e}{chapter.3}% 8
\BOOKMARK [2][-]{subsection.3.3.1}{\376\377\0003\000.\0003\000.\0001\000\040\000D\000e\000t\000a\000i\000l\000e\000d\000\040\000D\000e\000s\000c\000r\000i\000p\000t\000i\000o\000n}{section.3.3}% 9
\BOOKMARK [2][-]{subsection.3.3.2}{\376\377\0003\000.\0003\000.\0002\000\040\000M\000e\000m\000b\000e\000r\000\040\000F\000u\000n\000c\000t\000i\000o\000n\000\040\000D\000o\000c\000u\000m\000e\000n\000t\000a\000t\000i\000o\000n}{section.3.3}% 10
\BOOKMARK [3][-]{subsubsection.3.3.2.1}{\376\377\0003\000.\0003\000.\0002\000.\0001\000\040\000G\000e\000t\000C\000a\000v\000i\000t\000y\000L\000e\000n\000g\000t\000h\000\050\000\051}{subsection.3.3.2}% 11
\BOOKMARK [1][-]{section.3.4}{\376\377\0003\000.\0004\000\040\000C\000o\000n\000f\000i\000g\000P\000r\000o\000c\000e\000s\000s\000o\000r\000\040\000C\000l\000a\000s\000s\000\040\000R\000e\000f\000e\000r\000e\000n\000c\000e}{chapter.3}% 12
\BOOKMARK [1][-]{section.3.5}{\376\377\0003\000.\0005\000\040\000e\000t\000i\000g\000:\000:\000d\000a\000q\000\137\000f\000a\000i\000l\000u\000r\000e\000\040\000C\000l\000a\000s\000s\000\040\000R\000e\000f\000e\000r\000e\000n\000c\000e}{chapter.3}% 13
\BOOKMARK [1][-]{section.3.6}{\376\377\0003\000.\0006\000\040\000d\000a\000t\000a\000\137\000t\000r\000i\000p\000l\000e\000<\000\040\000T\000\040\000>\000\040\000S\000t\000r\000u\000c\000t\000\040\000T\000e\000m\000p\000l\000a\000t\000e\000\040\000R\000e\000f\000e\000r\000e\000n\000c\000e}{chapter.3}% 14
\BOOKMARK [1][-]{section.3.7}{\376\377\0003\000.\0007\000\040\000E\000x\000p\000e\000r\000i\000m\000e\000n\000t\000P\000a\000r\000a\000m\000e\000t\000e\000r\000s\000\040\000C\000l\000a\000s\000s\000\040\000R\000e\000f\000e\000r\000e\000n\000c\000e}{chapter.3}% 15
\BOOKMARK [1][-]{section.3.8}{\376\377\0003\000.\0008\000\040\000F\000l\000a\000t\000F\000i\000l\000e\000S\000a\000v\000e\000r\000\040\000C\000l\000a\000s\000s\000\040\000R\000e\000f\000e\000r\000e\000n\000c\000e}{chapter.3}% 16
\BOOKMARK [1][-]{section.3.9}{\376\377\0003\000.\0009\000\040\000F\000r\000e\000q\000u\000e\000n\000c\000y\000C\000o\000n\000t\000r\000o\000l\000s\000\040\000C\000l\000a\000s\000s\000\040\000R\000e\000f\000e\000r\000e\000n\000c\000e}{chapter.3}% 17
\BOOKMARK [1][-]{section.3.10}{\376\377\0003\000.\0001\0000\000\040\000I\000n\000s\000t\000r\000u\000m\000e\000n\000t\000V\000i\000e\000w\000\040\000C\000l\000a\000s\000s\000\040\000R\000e\000f\000e\000r\000e\000n\000c\000e}{chapter.3}% 18
\BOOKMARK [1][-]{section.3.11}{\376\377\0003\000.\0001\0001\000\040\000M\000a\000i\000n\000W\000i\000n\000d\000o\000w\000\040\000C\000l\000a\000s\000s\000\040\000R\000e\000f\000e\000r\000e\000n\000c\000e}{chapter.3}% 19
\BOOKMARK [1][-]{section.3.12}{\376\377\0003\000.\0001\0002\000\040\000m\000o\000d\000e\000\137\000t\000r\000a\000c\000k\000\137\000f\000a\000i\000l\000u\000r\000e\000\040\000C\000l\000a\000s\000s\000\040\000R\000e\000f\000e\000r\000e\000n\000c\000e}{chapter.3}% 20
\BOOKMARK [1][-]{section.3.13}{\376\377\0003\000.\0001\0003\000\040\000M\000o\000d\000e\000T\000r\000a\000c\000k\000\040\000C\000l\000a\000s\000s\000\040\000R\000e\000f\000e\000r\000e\000n\000c\000e}{chapter.3}% 21
\BOOKMARK [2][-]{subsection.3.13.1}{\376\377\0003\000.\0001\0003\000.\0001\000\040\000D\000e\000t\000a\000i\000l\000e\000d\000\040\000D\000e\000s\000c\000r\000i\000p\000t\000i\000o\000n}{section.3.13}% 22
\BOOKMARK [2][-]{subsection.3.13.2}{\376\377\0003\000.\0001\0003\000.\0002\000\040\000M\000e\000m\000b\000e\000r\000\040\000F\000u\000n\000c\000t\000i\000o\000n\000\040\000D\000o\000c\000u\000m\000e\000n\000t\000a\000t\000i\000o\000n}{section.3.13}% 23
\BOOKMARK [3][-]{subsubsection.3.13.2.1}{\376\377\0003\000.\0001\0003\000.\0002\000.\0001\000\040\000G\000e\000t\000M\000a\000x\000P\000e\000a\000k\000\050\000c\000o\000n\000s\000t\000\040\000s\000t\000d\000:\000:\000v\000e\000c\000t\000o\000r\000<\000\040\000d\000a\000t\000a\000t\000r\000i\000p\000l\000e\000<\000\040\000d\000o\000u\000b\000l\000e\000\040\000>\000\040\000>\000\040\000p\000o\000w\000e\000r\000l\000i\000s\000t\000\051}{subsection.3.13.2}% 24
\BOOKMARK [3][-]{subsubsection.3.13.2.2}{\376\377\0003\000.\0001\0003\000.\0002\000.\0002\000\040\000G\000e\000t\000P\000e\000a\000k\000s\000B\000i\000L\000a\000t\000\050\000c\000o\000n\000s\000t\000\040\000s\000t\000d\000:\000:\000v\000e\000c\000t\000o\000r\000<\000\040\000d\000a\000t\000a\000t\000r\000i\000p\000l\000e\000<\000\040\000d\000o\000u\000b\000l\000e\000\040\000>\000\040\000>\000\040\000p\000o\000w\000e\000r\000l\000i\000s\000t\000,\000\040\000i\000n\000t\000\040\000m\000o\000d\000n\000u\000m\000b\000e\000r\000\051}{subsection.3.13.2}% 25
\BOOKMARK [3][-]{subsubsection.3.13.2.3}{\376\377\0003\000.\0001\0003\000.\0002\000.\0003\000\040\000G\000e\000t\000P\000e\000a\000k\000s\000G\000a\000u\000s\000s\000\050\000c\000o\000n\000s\000t\000\040\000s\000t\000d\000:\000:\000v\000e\000c\000t\000o\000r\000<\000\040\000d\000a\000t\000a\000t\000r\000i\000p\000l\000e\000<\000\040\000d\000o\000u\000b\000l\000e\000\040\000>\000\040\000>\000\040\000p\000o\000w\000e\000r\000l\000i\000s\000t\000,\000\040\000i\000n\000t\000\040\000m\000o\000d\000n\000u\000m\000b\000e\000r\000\051}{subsection.3.13.2}% 26
\BOOKMARK [3][-]{subsubsection.3.13.2.4}{\376\377\0003\000.\0001\0003\000.\0002\000.\0004\000\040\000S\000e\000t\000B\000a\000c\000k\000g\000r\000o\000u\000n\000d\000\050\000c\000o\000n\000s\000t\000\040\000s\000t\000d\000:\000:\000v\000e\000c\000t\000o\000r\000<\000\040\000d\000a\000t\000a\000t\000r\000i\000p\000l\000e\000<\000\040\000d\000o\000u\000b\000l\000e\000\040\000>\000\040\000>\000\040\000b\000a\000c\000k\000g\000r\000o\000u\000n\000d\000l\000i\000s\000t\000\051}{subsection.3.13.2}% 27
\BOOKMARK [1][-]{section.3.14}{\376\377\0003\000.\0001\0004\000\040\000M\000o\000d\000e\000T\000r\000a\000i\000t\000s\000\040\000C\000l\000a\000s\000s\000\040\000R\000e\000f\000e\000r\000e\000n\000c\000e}{chapter.3}% 28
\BOOKMARK [1][-]{section.3.15}{\376\377\0003\000.\0001\0005\000\040\000N\000e\000t\000w\000o\000r\000k\000A\000n\000a\000l\000y\000z\000e\000r\000\040\000C\000l\000a\000s\000s\000\040\000R\000e\000f\000e\000r\000e\000n\000c\000e}{chapter.3}% 29
\BOOKMARK [2][-]{subsection.3.15.1}{\376\377\0003\000.\0001\0005\000.\0001\000\040\000D\000e\000t\000a\000i\000l\000e\000d\000\040\000D\000e\000s\000c\000r\000i\000p\000t\000i\000o\000n}{section.3.15}% 30
\BOOKMARK [2][-]{subsection.3.15.2}{\376\377\0003\000.\0001\0005\000.\0002\000\040\000M\000e\000m\000b\000e\000r\000\040\000F\000u\000n\000c\000t\000i\000o\000n\000\040\000D\000o\000c\000u\000m\000e\000n\000t\000a\000t\000i\000o\000n}{section.3.15}% 31
\BOOKMARK [3][-]{subsubsection.3.15.2.1}{\376\377\0003\000.\0001\0005\000.\0002\000.\0001\000\040\000T\000a\000k\000e\000D\000a\000t\000a\000S\000i\000n\000g\000l\000e\000\050\000\051}{subsection.3.15.2}% 32
\BOOKMARK [1][-]{section.3.16}{\376\377\0003\000.\0001\0006\000\040\000P\000l\000a\000i\000n\000D\000a\000t\000a\000P\000a\000r\000a\000m\000<\000\040\000T\000\040\000>\000\040\000S\000t\000r\000u\000c\000t\000\040\000T\000e\000m\000p\000l\000a\000t\000e\000\040\000R\000e\000f\000e\000r\000e\000n\000c\000e}{chapter.3}% 33
\BOOKMARK [1][-]{section.3.17}{\376\377\0003\000.\0001\0007\000\040\000P\000o\000w\000e\000r\000C\000o\000n\000t\000r\000o\000l\000s\000\040\000C\000l\000a\000s\000s\000\040\000R\000e\000f\000e\000r\000e\000n\000c\000e}{chapter.3}% 34
\BOOKMARK [1][-]{section.3.18}{\376\377\0003\000.\0001\0008\000\040\000e\000t\000i\000g\000:\000:\000P\000r\000o\000g\000r\000a\000m\000\040\000C\000l\000a\000s\000s\000\040\000R\000e\000f\000e\000r\000e\000n\000c\000e}{chapter.3}% 35
\BOOKMARK [1][-]{section.3.19}{\376\377\0003\000.\0001\0009\000\040\000e\000t\000i\000g\000:\000:\000P\000r\000o\000g\000r\000a\000m\000C\000o\000r\000e\000\040\000C\000l\000a\000s\000s\000\040\000R\000e\000f\000e\000r\000e\000n\000c\000e}{chapter.3}% 36
\BOOKMARK [1][-]{section.3.20}{\376\377\0003\000.\0002\0000\000\040\000e\000t\000i\000g\000:\000:\000P\000r\000o\000g\000r\000a\000m\000F\000r\000a\000m\000e\000\040\000C\000l\000a\000s\000s\000\040\000R\000e\000f\000e\000r\000e\000n\000c\000e}{chapter.3}% 37
\BOOKMARK [1][-]{section.3.21}{\376\377\0003\000.\0002\0001\000\040\000Q\000S\000o\000c\000k\000e\000t\000C\000o\000m\000m\000\040\000C\000l\000a\000s\000s\000\040\000R\000e\000f\000e\000r\000e\000n\000c\000e}{chapter.3}% 38
\BOOKMARK [1][-]{section.3.22}{\376\377\0003\000.\0002\0002\000\040\000Q\000S\000o\000c\000k\000e\000t\000I\000n\000t\000e\000r\000m\000i\000t\000t\000e\000n\000\040\000C\000l\000a\000s\000s\000\040\000R\000e\000f\000e\000r\000e\000n\000c\000e}{chapter.3}% 39
\BOOKMARK [1][-]{section.3.23}{\376\377\0003\000.\0002\0003\000\040\000R\000e\000t\000r\000i\000e\000v\000e\000V\000a\000l\000\040\000S\000t\000r\000u\000c\000t\000\040\000R\000e\000f\000e\000r\000e\000n\000c\000e}{chapter.3}% 40
\BOOKMARK [1][-]{section.3.24}{\376\377\0003\000.\0002\0004\000\040\000R\000i\000g\000h\000t\000C\000l\000i\000c\000k\000M\000e\000n\000u\000\040\000C\000l\000a\000s\000s\000\040\000R\000e\000f\000e\000r\000e\000n\000c\000e}{chapter.3}% 41
\BOOKMARK [1][-]{section.3.25}{\376\377\0003\000.\0002\0005\000\040\000S\000i\000g\000n\000a\000l\000G\000e\000n\000e\000r\000a\000t\000o\000r\000\040\000C\000l\000a\000s\000s\000\040\000R\000e\000f\000e\000r\000e\000n\000c\000e}{chapter.3}% 42
\BOOKMARK [1][-]{section.3.26}{\376\377\0003\000.\0002\0006\000\040\000S\000o\000c\000k\000e\000t\000C\000o\000m\000m\000\040\000C\000l\000a\000s\000s\000\040\000R\000e\000f\000e\000r\000e\000n\000c\000e}{chapter.3}% 43
\BOOKMARK [1][-]{section.3.27}{\376\377\0003\000.\0002\0007\000\040\000S\000p\000e\000c\000t\000r\000u\000m\000A\000n\000a\000l\000y\000z\000e\000r\000\040\000C\000l\000a\000s\000s\000\040\000R\000e\000f\000e\000r\000e\000n\000c\000e}{chapter.3}% 44
\BOOKMARK [1][-]{section.3.28}{\376\377\0003\000.\0002\0008\000\040\000S\000t\000e\000p\000p\000e\000r\000M\000o\000t\000o\000r\000\040\000C\000l\000a\000s\000s\000\040\000R\000e\000f\000e\000r\000e\000n\000c\000e}{chapter.3}% 45
\BOOKMARK [2][-]{subsection.3.28.1}{\376\377\0003\000.\0002\0008\000.\0001\000\040\000D\000e\000t\000a\000i\000l\000e\000d\000\040\000D\000e\000s\000c\000r\000i\000p\000t\000i\000o\000n}{section.3.28}% 46
\BOOKMARK [1][-]{section.3.29}{\376\377\0003\000.\0002\0009\000\040\000S\000w\000i\000t\000c\000h\000\040\000C\000l\000a\000s\000s\000\040\000R\000e\000f\000e\000r\000e\000n\000c\000e}{chapter.3}% 47
\BOOKMARK [1][-]{section.3.30}{\376\377\0003\000.\0003\0000\000\040\000T\000C\000P\000S\000o\000c\000k\000e\000t\000P\000a\000r\000a\000m\000\040\000S\000t\000r\000u\000c\000t\000\040\000R\000e\000f\000e\000r\000e\000n\000c\000e}{chapter.3}% 48
\BOOKMARK [1][-]{section.3.31}{\376\377\0003\000.\0003\0001\000\040\000T\000e\000s\000t\000C\000o\000n\000f\000i\000g\000P\000r\000o\000c\000e\000s\000s\000o\000r\000\040\000C\000l\000a\000s\000s\000\040\000R\000e\000f\000e\000r\000e\000n\000c\000e}{chapter.3}% 49
\BOOKMARK [1][-]{section.3.32}{\376\377\0003\000.\0003\0002\000\040\000e\000t\000i\000g\000:\000:\000t\000e\000s\000t\000:\000:\000T\000e\000s\000t\000I\000n\000s\000t\000r\000u\000m\000e\000n\000t\000V\000i\000e\000w\000\040\000C\000l\000a\000s\000s\000\040\000R\000e\000f\000e\000r\000e\000n\000c\000e}{chapter.3}% 50
\BOOKMARK [1][-]{section.3.33}{\376\377\0003\000.\0003\0003\000\040\000e\000t\000i\000g\000:\000:\000t\000e\000s\000t\000:\000:\000T\000e\000s\000t\000P\000a\000n\000e\000l\000s\000\040\000C\000l\000a\000s\000s\000\040\000R\000e\000f\000e\000r\000e\000n\000c\000e}{chapter.3}% 51
\BOOKMARK [1][-]{section.3.34}{\376\377\0003\000.\0003\0004\000\040\000e\000t\000i\000g\000:\000:\000t\000e\000s\000t\000:\000:\000T\000e\000s\000t\000S\000p\000e\000c\000t\000r\000u\000m\000A\000n\000a\000l\000y\000z\000e\000r\000\040\000C\000l\000a\000s\000s\000\040\000R\000e\000f\000e\000r\000e\000n\000c\000e}{chapter.3}% 52
\BOOKMARK [1][-]{section.3.35}{\376\377\0003\000.\0003\0005\000\040\000e\000t\000i\000g\000:\000:\000t\000e\000s\000t\000:\000:\000V\000o\000l\000t\000s\000S\000q\000r\000T\000o\000d\000B\000m\000\040\000S\000t\000r\000u\000c\000t\000\040\000R\000e\000f\000e\000r\000e\000n\000c\000e}{chapter.3}% 53
\BOOKMARK [0][-]{section*.107}{\376\377\000I\000n\000d\000e\000x}{}% 54
